2018-12-27T03:25:41+00:00 INFO => Crawl Links 0 > https://www.khmer24.com/en/property/house-for-sale.html?location=&per_page=200
2018-12-27T03:25:41+00:00 INFO => Crawl Links 1 > https://www.khmer24.com/en/property/house-for-sale.html?location=&per_page=150
2018-12-27T03:25:41+00:00 INFO => Crawl Links 2 > https://www.khmer24.com/en/property/house-for-sale.html?location=&per_page=100
2018-12-27T03:25:41+00:00 INFO => Crawl Links 3 > https://www.khmer24.com/en/property/house-for-sale.html?location=&per_page=50
2018-12-27T03:25:53+00:00 INFO => Check link 0 > https://www.khmer24.com/en/property/វឡភល-កនងបរបងហត-បងសនរ-តរវករលក-បនទនខលង-adid-2906438.html
2018-12-27T03:26:17+00:00 INFO => Crawl Links 0 > https://www.khmer24.com/en/property/house-for-sale.html?location=&per_page=200
2018-12-27T03:26:17+00:00 INFO => Crawl Links 1 > https://www.khmer24.com/en/property/house-for-sale.html?location=&per_page=150
2018-12-27T03:26:17+00:00 INFO => Crawl Links 2 > https://www.khmer24.com/en/property/house-for-sale.html?location=&per_page=100
2018-12-27T03:26:17+00:00 INFO => Crawl Links 3 > https://www.khmer24.com/en/property/house-for-sale.html?location=&per_page=50
2018-12-27T03:26:19+00:00 INFO => Check link 0 > https://www.khmer24.com/en/property/វឡភល-កនងបរបងហត-បងសនរ-តរវករលក-បនទនខលង-adid-2906438.html
2018-12-27T03:26:20+00:00 INFO => Check link 0 > https://www.khmer24.com/en/property/វឡភល-កនងបរ-ដមគងគរយល-ផលវ6a-តរវករលកបនទនខលង-adid-2888014.html
2018-12-27T03:26:21+00:00 INFO => Check link 0 > https://www.khmer24.com/en/property/វឡកនកត-la-នបរបងហត-បងសនរ-តរវករលកបនទនខលង-adid-2888130.html
2018-12-27T03:26:22+00:00 INFO => Check link 0 > https://www.khmer24.com/en/property/ផទលវង-e0-នជតផសរ-តងករសង-ជបពពទយករ-តរវករលកបនទនខលង-adid-2896834.html
2018-12-27T03:26:22+00:00 INFO => Check link 0 > https://www.khmer24.com/en/property/shop-house-សលដខង-នកនងបរបងហត-ពរកលប-តរវករលកបនទនខលង-adid-2887880.html
2018-12-27T03:26:23+00:00 INFO => Check link 0 > https://www.khmer24.com/en/property/មនផទលវសរបលកនសងកតបងកងកង៣-adid-2849992.html
2018-12-27T03:26:24+00:00 INFO => Check link 0 > https://www.khmer24.com/en/property/វឡ-ឃវន-queen-នអរគដ-វឡ-ផលវ-2004-adid-2906330.html
2018-12-27T03:26:25+00:00 INFO => Check link 0 > https://www.khmer24.com/en/property/ផទសរបអជវកមមខនតតច-លកតមលដម-adid-2739674.html
2018-12-27T03:26:26+00:00 INFO => Check link 0 > https://www.khmer24.com/en/property/វឡកនកត-lc2-កនងបរបងហត-ពរកលប-ផលវជត6-តរវករលកបនទន-adid-2896611.html
2018-12-27T03:26:27+00:00 INFO => Check link 0 > https://www.khmer24.com/en/property/nice-living-villa-for-sales-sb-id-11114-adid-2890241.html
2018-12-27T03:26:28+00:00 INFO => Check link 0 > https://www.khmer24.com/en/property/house-for-sale-adid-2659681.html
2018-12-27T03:26:29+00:00 INFO => Check link 0 > https://www.khmer24.com/en/property/ផទលវងកង-ទលមខផសរ-k-c-អចរកសបន-មនចណលសរប-adid-2123994.html
2018-12-27T03:26:29+00:00 INFO => Check link 0 > https://www.khmer24.com/en/property/business-house-sales-on-main-road-sb-id-11113-adid-2886862.html
2018-12-27T03:26:30+00:00 INFO => Check link 0 > https://www.khmer24.com/en/property/ផទលវងe0តរវករលកបនទនខលង-adid-3015168.html
2018-12-27T03:26:31+00:00 INFO => Check link 0 > https://www.khmer24.com/en/property/big-villa-for-sale12bedroom-in-toul-kork-adid-3104602.html
2018-12-27T03:26:32+00:00 INFO => Check link 0 > https://www.khmer24.com/en/property/វឡលកបងហតaeon2-ផលវមងរទធ-adid-3108064.html
2018-12-27T03:26:49+00:00 INFO => Check link 0 > https://www.khmer24.com/en/property/ផទលក-1000m-ព-ctn-តមល-650000-ចរចរ-នផលវរថភលង-adid-2476637.html
2018-12-27T03:26:50+00:00 INFO => Check link 0 > https://www.khmer24.com/en/property/house-for-sale-at-borey-piphubthmey-takhmao-ii-adid-3085637.html
2018-12-27T03:26:51+00:00 INFO => Check link 0 > https://www.khmer24.com/en/property/លកផទនងដបនទន-adid-2282176.html
2018-12-27T03:26:52+00:00 INFO => Check link 0 > https://www.khmer24.com/en/property/លកផទបនទន-hot-sale-adid-2958322.html
2018-12-27T03:26:53+00:00 INFO => Check link 0 > https://www.khmer24.com/en/property/ផទលកបនទននករងភនពញ-adid-3121866.html
2018-12-27T03:27:08+00:00 INFO => Check link 0 > https://www.khmer24.com/en/property/ឃវនវឡសមរបលក-adid-3010826.html
2018-12-27T03:27:08+00:00 INFO => Check link 0 > https://www.khmer24.com/en/property/ផទវឡទលលកបនទន-នទលគក-adid-2845452.html
2018-12-27T03:27:09+00:00 INFO => Check link 0 > https://www.khmer24.com/en/property/house-for-sale-at-borei-varina-beng-chuk-adid-3083563.html
2018-12-27T03:27:09+00:00 INFO => Check link 0 > https://www.khmer24.com/en/property/ផទដលកបនទន-នឧតដរមនជយ-adid-3069998.html
2018-12-27T03:27:10+00:00 INFO => Check link 0 > https://www.khmer24.com/en/property/ផទលវងលកតលពសសជន-e០-adid-2806896.html
2018-12-27T03:27:11+00:00 INFO => Check link 0 > https://www.khmer24.com/en/property/ផទលកបនទន-4x16-ម-ភនពញ-adid-3110561.html
2018-12-27T03:27:12+00:00 INFO => Check link 0 > https://www.khmer24.com/en/property/villa-for-sale-in-siem-reap-slor-kram-ផទលក-កនងករងសមរប-សងកតសលរករម-adid-3088560.html
2018-12-27T03:27:12+00:00 INFO => Check link 0 > https://www.khmer24.com/en/property/ផទលកបនទន-នភនពញ-adid-3014581.html
2018-12-27T03:27:13+00:00 INFO => Check link 0 > https://www.khmer24.com/en/property/វឡទល-នបរ-សភមងគល-សងកត-ជរយចងវ-តរវករលកបនទន-adid-2902203.html
2018-12-27T03:27:14+00:00 INFO => Check link 0 > https://www.khmer24.com/en/property/ផទលកធរថល-នភនពញ-adid-3014589.html
2018-12-27T03:27:15+00:00 INFO => Check link 0 > https://www.khmer24.com/en/property/05-bedrooms-villa-with-nice-style-in-sangkat-dangkor-adid-3030995.html
2018-12-27T03:27:16+00:00 INFO => Check link 0 > https://www.khmer24.com/en/property/business-house-for-sales-phsar-chas-sb-id-1198-adid-2825690.html
2018-12-27T03:27:16+00:00 INFO => Check link 0 > https://www.khmer24.com/en/property/ផទ២លវងនជតរងវងមលcamko-លកតលលអ-sb-id-11112-adid-2853607.html
2018-12-27T03:27:17+00:00 INFO => Check link 0 > https://www.khmer24.com/en/property/urgent-villa-for-sale-in-borey-peng-huot-boeung-snor-adid-3054327.html
2018-12-27T03:27:18+00:00 INFO => Check link 0 > https://www.khmer24.com/en/property/វឡកនកតលកខលង-adid-3010807.html
2018-12-27T03:27:18+00:00 INFO => Check link 0 > https://www.khmer24.com/en/property/ផទវឡកនកតទបសងសងថមសមរបលក-adid-2241558.html
2018-12-27T03:27:19+00:00 INFO => Check link 0 > https://www.khmer24.com/en/property/វឡភលសមរបលក-នងជល-កនងបរ-៩៩៩-ចកអងរល-adid-3012130.html
2018-12-27T03:27:20+00:00 INFO => Check link 0 > https://www.khmer24.com/en/property/ដនងផទលក-7mx15m-ករងតខម-adid-3121858.html
2018-12-27T03:27:37+00:00 INFO => Check link 0 > https://www.khmer24.com/en/property/ហងលកបនទន-ផលវកងផសរកណតល-អអរបផត-adid-2270846.html
2018-12-27T03:27:38+00:00 INFO => Check link 0 > https://www.khmer24.com/en/property/house-for-sale-adid-3021911.html
2018-12-27T03:27:39+00:00 INFO => Check link 0 > https://www.khmer24.com/en/property/គរងថម-កតៗ-ហយៗ-ឱកសសមរបទញទកចណញ-adid-2746690.html
2018-12-27T03:27:39+00:00 INFO => Check link 0 > https://www.khmer24.com/en/property/ដមនទតងលអសមរបសងផទលវង-លកបនទន-adid-2241496.html
2018-12-27T03:27:40+00:00 INFO => Check link 0 > https://www.khmer24.com/en/property/ផទលកលផលវមហវថពរមននវងសលអបផតសមរបអជវកមមគរបបរភទ-adid-2724017.html
2018-12-27T03:27:41+00:00 INFO => Check link 0 > https://www.khmer24.com/en/property/ផទទ2ជបផទកង-លក-ឬ-រលសបនត-នបរពភពថម-ចករដង-3-adid-3114873.html
2018-12-27T03:27:41+00:00 INFO => Check link 0 > https://www.khmer24.com/en/property/house-for-sale-adid-3056116.html
2018-12-27T03:27:43+00:00 INFO => Check link 0 > https://www.khmer24.com/en/property/ផទeoនបរពភពថមចករដង-adid-2524370.html
2018-12-27T03:27:43+00:00 INFO => Check link 0 > https://www.khmer24.com/en/property/land-and-house-for-sale-adid-2873600.html
2018-12-27T03:27:44+00:00 INFO => Check link 0 > https://www.khmer24.com/en/property/វឡកនកត-adid-2993803.html
2018-12-27T03:27:45+00:00 INFO => Check link 0 > https://www.khmer24.com/en/property/ផទលកកនងផសរសទងមនជយចសទតងលអរកសលកដរបន-adid-3072891.html
2018-12-27T03:27:49+00:00 INFO => Check link 1 > https://www.khmer24.com/en/property/business-house-for-sales-main-road-sb-id-11101-adid-2749758.html
2018-12-27T03:27:50+00:00 INFO => Check link 1 > https://www.khmer24.com/en/property/house-for-sales-urgent-near-phnom-penh-sport-club-sb-id-1186-adid-2825684.html
2018-12-27T03:27:50+00:00 INFO => Check link 1 > https://www.khmer24.com/en/property/very-nice-house-for-sell-adid-2937266.html
2018-12-27T03:27:51+00:00 INFO => Check link 1 > https://www.khmer24.com/en/property/វឡភល-កនងបរបងហត-ផលវឧកញមងឬទធ-តរវករលក-បនទនខលង-adid-2909048.html
2018-12-27T03:27:52+00:00 INFO => Check link 1 > https://www.khmer24.com/en/property/វឡកនកត-la-សលដខង-នបរបងហត-បងសនរ-តរវករលកបនទនខលង-adid-3081379.html
2018-12-27T03:27:53+00:00 INFO => Check link 1 > https://www.khmer24.com/en/property/វឡភលកង-នកនងបរវមនភនពញ-ផលវជសផរ-តរវករលកបនទនខលង-adid-2717927.html
2018-12-27T03:27:54+00:00 INFO => Check link 1 > https://www.khmer24.com/en/property/វឡកនកត-lc2-កនងបរបងហត-បងសនរ-តរវករលកបនទន-adid-2903449.html
2018-12-27T03:27:55+00:00 INFO => Check link 1 > https://www.khmer24.com/en/property/ផទលវង-e0e1-ជតវតតសនសកល-តរវករលកបនទនខលង-adid-2772114.html
2018-12-27T03:27:55+00:00 INFO => Check link 1 > https://www.khmer24.com/en/property/ផទe0-នមតចករដង-ខណឌដងក-តរវករលកបនទនខលង-adid-2890650.html
2018-12-27T03:27:56+00:00 INFO => Check link 1 > https://www.khmer24.com/en/property/ផទលវង-e0-កនងបរ-មហសនសខ-សងកតករងធនង-adid-3008953.html
2018-12-27T03:27:57+00:00 INFO => Check link 1 > https://www.khmer24.com/en/property/ផទលវងលក-កនងករងភនពញជតសលរនសនធរមក-135700-adid-3121931.html
2018-12-27T03:28:09+00:00 INFO => Check link 1 > https://www.khmer24.com/en/property/ដនងផទលក-10mx17m-ពរកហរករងតខម-adid-3121927.html
2018-12-27T03:30:16+00:00 INFO => Crawl Links 0 > https://www.khmer24.com/en/property/house-for-sale.html?location=&per_page=200
2018-12-27T03:30:16+00:00 INFO => Crawl Links 1 > https://www.khmer24.com/en/property/house-for-sale.html?location=&per_page=150
2018-12-27T03:30:16+00:00 INFO => Crawl Links 2 > https://www.khmer24.com/en/property/house-for-sale.html?location=&per_page=100
2018-12-27T03:30:16+00:00 INFO => Crawl Links 3 > https://www.khmer24.com/en/property/house-for-sale.html?location=&per_page=50
2018-12-27T03:30:20+00:00 INFO => Check link 0 > https://www.khmer24.com/en/property/វឡភល-កនងបរបងហត-បងសនរ-តរវករលក-បនទនខលង-adid-2906438.html
2018-12-27T03:30:21+00:00 INFO => Check link 0 > https://www.khmer24.com/en/property/វឡភល-កនងបរ-ដមគងគរយល-ផលវ6a-តរវករលកបនទនខលង-adid-2888014.html
2018-12-27T03:30:22+00:00 INFO => Check link 0 > https://www.khmer24.com/en/property/វឡកនកត-la-នបរបងហត-បងសនរ-តរវករលកបនទនខលង-adid-2888130.html
2018-12-27T03:30:23+00:00 INFO => Check link 0 > https://www.khmer24.com/en/property/ផទលវង-e0-នជតផសរ-តងករសង-ជបពពទយករ-តរវករលកបនទនខលង-adid-2896834.html
2018-12-27T03:30:24+00:00 INFO => Check link 0 > https://www.khmer24.com/en/property/shop-house-សលដខង-នកនងបរបងហត-ពរកលប-តរវករលកបនទនខលង-adid-2887880.html
2018-12-27T03:30:25+00:00 INFO => Check link 0 > https://www.khmer24.com/en/property/មនផទលវសរបលកនសងកតបងកងកង៣-adid-2849992.html
2018-12-27T03:30:25+00:00 INFO => Check link 0 > https://www.khmer24.com/en/property/វឡ-ឃវន-queen-នអរគដ-វឡ-ផលវ-2004-adid-2906330.html
2018-12-27T03:30:26+00:00 INFO => Check link 0 > https://www.khmer24.com/en/property/ផទសរបអជវកមមខនតតច-លកតមលដម-adid-2739674.html
2018-12-27T03:30:27+00:00 INFO => Check link 0 > https://www.khmer24.com/en/property/វឡកនកត-lc2-កនងបរបងហត-ពរកលប-ផលវជត6-តរវករលកបនទន-adid-2896611.html
2018-12-27T03:30:27+00:00 INFO => Check link 0 > https://www.khmer24.com/en/property/nice-living-villa-for-sales-sb-id-11114-adid-2890241.html
2018-12-27T03:30:29+00:00 INFO => Check link 0 > https://www.khmer24.com/en/property/house-for-sale-adid-2659681.html
2018-12-27T03:30:29+00:00 INFO => Check link 0 > https://www.khmer24.com/en/property/ផទលវងកង-ទលមខផសរ-k-c-អចរកសបន-មនចណលសរប-adid-2123994.html
2018-12-27T03:30:30+00:00 INFO => Check link 0 > https://www.khmer24.com/en/property/business-house-sales-on-main-road-sb-id-11113-adid-2886862.html
2018-12-27T03:30:31+00:00 INFO => Check link 0 > https://www.khmer24.com/en/property/ផទលវងe0តរវករលកបនទនខលង-adid-3015168.html
2018-12-27T03:30:31+00:00 INFO => Check link 0 > https://www.khmer24.com/en/property/big-villa-for-sale12bedroom-in-toul-kork-adid-3104602.html
2018-12-27T03:30:32+00:00 INFO => Check link 0 > https://www.khmer24.com/en/property/វឡលកបងហតaeon2-ផលវមងរទធ-adid-3108064.html
2018-12-27T03:30:33+00:00 INFO => Check link 0 > https://www.khmer24.com/en/property/ផទលក-1000m-ព-ctn-តមល-650000-ចរចរ-នផលវរថភលង-adid-2476637.html
2018-12-27T03:30:34+00:00 INFO => Check link 0 > https://www.khmer24.com/en/property/house-for-sale-at-borey-piphubthmey-takhmao-ii-adid-3085637.html
2018-12-27T03:30:34+00:00 INFO => Check link 0 > https://www.khmer24.com/en/property/លកផទនងដបនទន-adid-2282176.html
2018-12-27T03:30:35+00:00 INFO => Check link 0 > https://www.khmer24.com/en/property/លកផទបនទន-hot-sale-adid-2958322.html
2018-12-27T03:30:36+00:00 INFO => Check link 0 > https://www.khmer24.com/en/property/ផទលកបនទននករងភនពញ-adid-3121866.html
2018-12-27T03:30:36+00:00 INFO => Check link 0 > https://www.khmer24.com/en/property/ឃវនវឡសមរបលក-adid-3010826.html
2018-12-27T03:30:37+00:00 INFO => Check link 0 > https://www.khmer24.com/en/property/ផទវឡទលលកបនទន-នទលគក-adid-2845452.html
2018-12-27T03:30:38+00:00 INFO => Check link 0 > https://www.khmer24.com/en/property/house-for-sale-at-borei-varina-beng-chuk-adid-3083563.html
2018-12-27T03:30:38+00:00 INFO => Check link 0 > https://www.khmer24.com/en/property/ផទដលកបនទន-នឧតដរមនជយ-adid-3069998.html
2018-12-27T03:30:39+00:00 INFO => Check link 0 > https://www.khmer24.com/en/property/ផទលវងលកតលពសសជន-e០-adid-2806896.html
2018-12-27T03:30:40+00:00 INFO => Check link 0 > https://www.khmer24.com/en/property/ផទលកបនទន-4x16-ម-ភនពញ-adid-3110561.html
2018-12-27T03:30:40+00:00 INFO => Check link 0 > https://www.khmer24.com/en/property/villa-for-sale-in-siem-reap-slor-kram-ផទលក-កនងករងសមរប-សងកតសលរករម-adid-3088560.html
2018-12-27T03:30:41+00:00 INFO => Check link 0 > https://www.khmer24.com/en/property/ផទលកបនទន-នភនពញ-adid-3014581.html
2018-12-27T03:30:42+00:00 INFO => Check link 0 > https://www.khmer24.com/en/property/វឡទល-នបរ-សភមងគល-សងកត-ជរយចងវ-តរវករលកបនទន-adid-2902203.html
2018-12-27T03:30:43+00:00 INFO => Check link 0 > https://www.khmer24.com/en/property/ផទលកធរថល-នភនពញ-adid-3014589.html
2018-12-27T03:30:43+00:00 INFO => Check link 0 > https://www.khmer24.com/en/property/05-bedrooms-villa-with-nice-style-in-sangkat-dangkor-adid-3030995.html
2018-12-27T03:30:44+00:00 INFO => Check link 0 > https://www.khmer24.com/en/property/business-house-for-sales-phsar-chas-sb-id-1198-adid-2825690.html
2018-12-27T03:30:45+00:00 INFO => Check link 0 > https://www.khmer24.com/en/property/ផទ២លវងនជតរងវងមលcamko-លកតលលអ-sb-id-11112-adid-2853607.html
2018-12-27T03:30:45+00:00 INFO => Check link 0 > https://www.khmer24.com/en/property/urgent-villa-for-sale-in-borey-peng-huot-boeung-snor-adid-3054327.html
2018-12-27T03:30:47+00:00 INFO => Check link 0 > https://www.khmer24.com/en/property/វឡកនកតលកខលង-adid-3010807.html
2018-12-27T03:30:47+00:00 INFO => Check link 0 > https://www.khmer24.com/en/property/ផទវឡកនកតទបសងសងថមសមរបលក-adid-2241558.html
2018-12-27T03:30:48+00:00 INFO => Check link 0 > https://www.khmer24.com/en/property/វឡភលសមរបលក-នងជល-កនងបរ-៩៩៩-ចកអងរល-adid-3012130.html
2018-12-27T03:30:49+00:00 INFO => Check link 0 > https://www.khmer24.com/en/property/ដនងផទលក-7mx15m-ករងតខម-adid-3121858.html
2018-12-27T03:30:49+00:00 INFO => Check link 0 > https://www.khmer24.com/en/property/ហងលកបនទន-ផលវកងផសរកណតល-អអរបផត-adid-2270846.html
2018-12-27T03:30:50+00:00 INFO => Check link 0 > https://www.khmer24.com/en/property/house-for-sale-adid-3021911.html
2018-12-27T03:30:51+00:00 INFO => Check link 0 > https://www.khmer24.com/en/property/គរងថម-កតៗ-ហយៗ-ឱកសសមរបទញទកចណញ-adid-2746690.html
2018-12-27T03:30:51+00:00 INFO => Check link 0 > https://www.khmer24.com/en/property/ដមនទតងលអសមរបសងផទលវង-លកបនទន-adid-2241496.html
2018-12-27T03:30:52+00:00 INFO => Check link 0 > https://www.khmer24.com/en/property/ផទលកលផលវមហវថពរមននវងសលអបផតសមរបអជវកមមគរបបរភទ-adid-2724017.html
2018-12-27T03:30:53+00:00 INFO => Check link 0 > https://www.khmer24.com/en/property/ផទទ2ជបផទកង-លក-ឬ-រលសបនត-នបរពភពថម-ចករដង-3-adid-3114873.html
2018-12-27T03:30:53+00:00 INFO => Check link 0 > https://www.khmer24.com/en/property/house-for-sale-adid-3056116.html
2018-12-27T03:30:54+00:00 INFO => Check link 0 > https://www.khmer24.com/en/property/ផទeoនបរពភពថមចករដង-adid-2524370.html
2018-12-27T03:30:55+00:00 INFO => Check link 0 > https://www.khmer24.com/en/property/land-and-house-for-sale-adid-2873600.html
2018-12-27T03:30:56+00:00 INFO => Check link 0 > https://www.khmer24.com/en/property/វឡកនកត-adid-2993803.html
2018-12-27T03:30:56+00:00 INFO => Check link 0 > https://www.khmer24.com/en/property/ផទលកកនងផសរសទងមនជយចសទតងលអរកសលកដរបន-adid-3072891.html
2018-12-27T03:31:02+00:00 INFO => Check link 1 > https://www.khmer24.com/en/property/business-house-for-sales-main-road-sb-id-11101-adid-2749758.html
2018-12-27T03:31:03+00:00 INFO => Check link 1 > https://www.khmer24.com/en/property/house-for-sales-urgent-near-phnom-penh-sport-club-sb-id-1186-adid-2825684.html
2018-12-27T03:31:04+00:00 INFO => Check link 1 > https://www.khmer24.com/en/property/very-nice-house-for-sell-adid-2937266.html
2018-12-27T03:31:05+00:00 INFO => Check link 1 > https://www.khmer24.com/en/property/វឡភល-កនងបរបងហត-ផលវឧកញមងឬទធ-តរវករលក-បនទនខលង-adid-2909048.html
2018-12-27T03:31:06+00:00 INFO => Check link 1 > https://www.khmer24.com/en/property/វឡកនកត-la-សលដខង-នបរបងហត-បងសនរ-តរវករលកបនទនខលង-adid-3081379.html
2018-12-27T03:31:06+00:00 INFO => Check link 1 > https://www.khmer24.com/en/property/វឡភលកង-នកនងបរវមនភនពញ-ផលវជសផរ-តរវករលកបនទនខលង-adid-2717927.html
2018-12-27T03:31:07+00:00 INFO => Check link 1 > https://www.khmer24.com/en/property/វឡកនកត-lc2-កនងបរបងហត-បងសនរ-តរវករលកបនទន-adid-2903449.html
2018-12-27T03:31:08+00:00 INFO => Check link 1 > https://www.khmer24.com/en/property/ផទលវង-e0e1-ជតវតតសនសកល-តរវករលកបនទនខលង-adid-2772114.html
2018-12-27T03:31:08+00:00 INFO => Check link 1 > https://www.khmer24.com/en/property/ផទe0-នមតចករដង-ខណឌដងក-តរវករលកបនទនខលង-adid-2890650.html
2018-12-27T03:31:09+00:00 INFO => Check link 1 > https://www.khmer24.com/en/property/ផទលវង-e0-កនងបរ-មហសនសខ-សងកតករងធនង-adid-3008953.html
2018-12-27T03:31:10+00:00 INFO => Check link 1 > https://www.khmer24.com/en/property/ផទលវងលក-កនងករងភនពញជតសលរនសនធរមក-135700-adid-3121931.html
2018-12-27T03:31:10+00:00 INFO => Check link 1 > https://www.khmer24.com/en/property/ដនងផទលក-10mx17m-ពរកហរករងតខម-adid-3121927.html
2018-12-27T03:31:11+00:00 INFO => Check link 1 > https://www.khmer24.com/en/property/corner-villa-for-sales-business-street-sb-id-1193-adid-2826323.html
2018-12-27T03:31:12+00:00 INFO => Check link 1 > https://www.khmer24.com/en/property/ផទ២លវងកង-លកបនទនខលង-ទលគក-sb-id-1197-adid-2826331.html
2018-12-27T03:31:12+00:00 INFO => Check link 1 > https://www.khmer24.com/en/property/ផទលកបនទននតបន-សរចក-sb-id-11119-adid-2980733.html
2018-12-27T03:31:13+00:00 INFO => Check link 1 > https://www.khmer24.com/en/property/ផទថមករមឈលនបងកងកង2សមរបអជកមម-លកបនទន-adid-2228891.html
2018-12-27T03:31:14+00:00 INFO => Check link 1 > https://www.khmer24.com/en/property/business-house-for-sales-main-road-sb-id-11110-adid-2829549.html
2018-12-27T03:31:15+00:00 INFO => Check link 1 > https://www.khmer24.com/en/property/2flate-house-for-sales-urgent-srah-chork-sb-id-11120-adid-3012342.html
2018-12-27T03:31:16+00:00 INFO => Check link 1 > https://www.khmer24.com/en/property/building-for-sales-sb-id-11106-adid-2825724.html
2018-12-27T03:31:17+00:00 INFO => Check link 1 > https://www.khmer24.com/en/property/house-eo-sale-at-borey-vimean-phnom-penh-adid-2412933.html
2018-12-27T03:31:31+00:00 INFO => Check link 1 > https://www.khmer24.com/en/property/httpsyoutube4xwtsxxyebw-ចច-link-youtube-មលពរករធវបទបងហញសកមមភព-មនចកបលងសជនទ1ផទលវងជបផលវ22មតរករងសមរប-adid-3121921.html
2018-12-27T03:33:33+00:00 INFO => Crawl Links 0 > https://www.khmer24.com/en/property/house-for-sale.html?location=&per_page=200
2018-12-27T03:33:33+00:00 INFO => Crawl Links 1 > https://www.khmer24.com/en/property/house-for-sale.html?location=&per_page=150
2018-12-27T03:33:33+00:00 INFO => Crawl Links 2 > https://www.khmer24.com/en/property/house-for-sale.html?location=&per_page=100
2018-12-27T03:33:33+00:00 INFO => Crawl Links 3 > https://www.khmer24.com/en/property/house-for-sale.html?location=&per_page=50
2018-12-27T03:33:35+00:00 INFO => Check link 0 > https://www.khmer24.com/en/property/វឡភល-កនងបរបងហត-បងសនរ-តរវករលក-បនទនខលង-adid-2906438.html
2018-12-27T03:33:35+00:00 INFO => Check link 0 > https://www.khmer24.com/en/property/វឡភល-កនងបរ-ដមគងគរយល-ផលវ6a-តរវករលកបនទនខលង-adid-2888014.html
2018-12-27T03:33:36+00:00 INFO => Check link 0 > https://www.khmer24.com/en/property/វឡកនកត-la-នបរបងហត-បងសនរ-តរវករលកបនទនខលង-adid-2888130.html
2018-12-27T03:33:36+00:00 INFO => Check link 0 > https://www.khmer24.com/en/property/ផទលវង-e0-នជតផសរ-តងករសង-ជបពពទយករ-តរវករលកបនទនខលង-adid-2896834.html
2018-12-27T03:33:37+00:00 INFO => Check link 0 > https://www.khmer24.com/en/property/shop-house-សលដខង-នកនងបរបងហត-ពរកលប-តរវករលកបនទនខលង-adid-2887880.html
2018-12-27T03:33:38+00:00 INFO => Check link 0 > https://www.khmer24.com/en/property/មនផទលវសរបលកនសងកតបងកងកង៣-adid-2849992.html
2018-12-27T03:33:39+00:00 INFO => Check link 0 > https://www.khmer24.com/en/property/វឡ-ឃវន-queen-នអរគដ-វឡ-ផលវ-2004-adid-2906330.html
2018-12-27T03:33:40+00:00 INFO => Check link 0 > https://www.khmer24.com/en/property/ផទសរបអជវកមមខនតតច-លកតមលដម-adid-2739674.html
2018-12-27T03:33:40+00:00 INFO => Check link 0 > https://www.khmer24.com/en/property/វឡកនកត-lc2-កនងបរបងហត-ពរកលប-ផលវជត6-តរវករលកបនទន-adid-2896611.html
2018-12-27T03:33:41+00:00 INFO => Check link 0 > https://www.khmer24.com/en/property/nice-living-villa-for-sales-sb-id-11114-adid-2890241.html
2018-12-27T03:33:42+00:00 INFO => Check link 0 > https://www.khmer24.com/en/property/house-for-sale-adid-2659681.html
2018-12-27T03:33:42+00:00 INFO => Check link 0 > https://www.khmer24.com/en/property/ផទលវងកង-ទលមខផសរ-k-c-អចរកសបន-មនចណលសរប-adid-2123994.html
2018-12-27T03:33:43+00:00 INFO => Check link 0 > https://www.khmer24.com/en/property/business-house-sales-on-main-road-sb-id-11113-adid-2886862.html
2018-12-27T03:33:44+00:00 INFO => Check link 0 > https://www.khmer24.com/en/property/ផទលវងe0តរវករលកបនទនខលង-adid-3015168.html
2018-12-27T03:33:44+00:00 INFO => Check link 0 > https://www.khmer24.com/en/property/big-villa-for-sale12bedroom-in-toul-kork-adid-3104602.html
2018-12-27T03:33:45+00:00 INFO => Check link 0 > https://www.khmer24.com/en/property/វឡលកបងហតaeon2-ផលវមងរទធ-adid-3108064.html
2018-12-27T03:33:46+00:00 INFO => Check link 0 > https://www.khmer24.com/en/property/ផទលក-1000m-ព-ctn-តមល-650000-ចរចរ-នផលវរថភលង-adid-2476637.html
2018-12-27T03:33:46+00:00 INFO => Check link 0 > https://www.khmer24.com/en/property/house-for-sale-at-borey-piphubthmey-takhmao-ii-adid-3085637.html
2018-12-27T03:33:47+00:00 INFO => Check link 0 > https://www.khmer24.com/en/property/លកផទនងដបនទន-adid-2282176.html
2018-12-27T03:33:48+00:00 INFO => Check link 0 > https://www.khmer24.com/en/property/លកផទបនទន-hot-sale-adid-2958322.html
2018-12-27T03:33:48+00:00 INFO => Check link 0 > https://www.khmer24.com/en/property/ផទលកបនទននករងភនពញ-adid-3121866.html
2018-12-27T03:33:49+00:00 INFO => Check link 0 > https://www.khmer24.com/en/property/ឃវនវឡសមរបលក-adid-3010826.html
2018-12-27T03:33:49+00:00 INFO => Check link 0 > https://www.khmer24.com/en/property/ផទវឡទលលកបនទន-នទលគក-adid-2845452.html
2018-12-27T03:33:50+00:00 INFO => Check link 0 > https://www.khmer24.com/en/property/house-for-sale-at-borei-varina-beng-chuk-adid-3083563.html
2018-12-27T03:33:51+00:00 INFO => Check link 0 > https://www.khmer24.com/en/property/ផទដលកបនទន-នឧតដរមនជយ-adid-3069998.html
2018-12-27T03:33:51+00:00 INFO => Check link 0 > https://www.khmer24.com/en/property/ផទលវងលកតលពសសជន-e០-adid-2806896.html
2018-12-27T03:33:52+00:00 INFO => Check link 0 > https://www.khmer24.com/en/property/ផទលកបនទន-4x16-ម-ភនពញ-adid-3110561.html
2018-12-27T03:33:53+00:00 INFO => Check link 0 > https://www.khmer24.com/en/property/villa-for-sale-in-siem-reap-slor-kram-ផទលក-កនងករងសមរប-សងកតសលរករម-adid-3088560.html
2018-12-27T03:33:53+00:00 INFO => Check link 0 > https://www.khmer24.com/en/property/ផទលកបនទន-នភនពញ-adid-3014581.html
2018-12-27T03:33:54+00:00 INFO => Check link 0 > https://www.khmer24.com/en/property/វឡទល-នបរ-សភមងគល-សងកត-ជរយចងវ-តរវករលកបនទន-adid-2902203.html
2018-12-27T03:33:55+00:00 INFO => Check link 0 > https://www.khmer24.com/en/property/ផទលកធរថល-នភនពញ-adid-3014589.html
2018-12-27T03:33:55+00:00 INFO => Check link 0 > https://www.khmer24.com/en/property/05-bedrooms-villa-with-nice-style-in-sangkat-dangkor-adid-3030995.html
2018-12-27T03:33:56+00:00 INFO => Check link 0 > https://www.khmer24.com/en/property/business-house-for-sales-phsar-chas-sb-id-1198-adid-2825690.html
2018-12-27T03:33:57+00:00 INFO => Check link 0 > https://www.khmer24.com/en/property/ផទ២លវងនជតរងវងមលcamko-លកតលលអ-sb-id-11112-adid-2853607.html
2018-12-27T03:33:57+00:00 INFO => Check link 0 > https://www.khmer24.com/en/property/urgent-villa-for-sale-in-borey-peng-huot-boeung-snor-adid-3054327.html
2018-12-27T03:33:58+00:00 INFO => Check link 0 > https://www.khmer24.com/en/property/វឡកនកតលកខលង-adid-3010807.html
2018-12-27T03:33:58+00:00 INFO => Check link 0 > https://www.khmer24.com/en/property/ផទវឡកនកតទបសងសងថមសមរបលក-adid-2241558.html
2018-12-27T03:33:59+00:00 INFO => Check link 0 > https://www.khmer24.com/en/property/វឡភលសមរបលក-នងជល-កនងបរ-៩៩៩-ចកអងរល-adid-3012130.html
2018-12-27T03:34:00+00:00 INFO => Check link 0 > https://www.khmer24.com/en/property/ដនងផទលក-7mx15m-ករងតខម-adid-3121858.html
2018-12-27T03:34:01+00:00 INFO => Check link 0 > https://www.khmer24.com/en/property/ហងលកបនទន-ផលវកងផសរកណតល-អអរបផត-adid-2270846.html
2018-12-27T03:34:02+00:00 INFO => Check link 0 > https://www.khmer24.com/en/property/house-for-sale-adid-3021911.html
2018-12-27T03:34:02+00:00 INFO => Check link 0 > https://www.khmer24.com/en/property/គរងថម-កតៗ-ហយៗ-ឱកសសមរបទញទកចណញ-adid-2746690.html
2018-12-27T03:34:03+00:00 INFO => Check link 0 > https://www.khmer24.com/en/property/ដមនទតងលអសមរបសងផទលវង-លកបនទន-adid-2241496.html
2018-12-27T03:34:04+00:00 INFO => Check link 0 > https://www.khmer24.com/en/property/ផទលកលផលវមហវថពរមននវងសលអបផតសមរបអជវកមមគរបបរភទ-adid-2724017.html
2018-12-27T03:34:05+00:00 INFO => Check link 0 > https://www.khmer24.com/en/property/ផទទ2ជបផទកង-លក-ឬ-រលសបនត-នបរពភពថម-ចករដង-3-adid-3114873.html
2018-12-27T03:34:06+00:00 INFO => Check link 0 > https://www.khmer24.com/en/property/house-for-sale-adid-3056116.html
2018-12-27T03:34:06+00:00 INFO => Check link 0 > https://www.khmer24.com/en/property/ផទeoនបរពភពថមចករដង-adid-2524370.html
2018-12-27T03:34:07+00:00 INFO => Check link 0 > https://www.khmer24.com/en/property/land-and-house-for-sale-adid-2873600.html
2018-12-27T03:34:08+00:00 INFO => Check link 0 > https://www.khmer24.com/en/property/វឡកនកត-adid-2993803.html
2018-12-27T03:34:08+00:00 INFO => Check link 0 > https://www.khmer24.com/en/property/ផទលកកនងផសរសទងមនជយចសទតងលអរកសលកដរបន-adid-3072891.html
2018-12-27T03:34:17+00:00 INFO => Check link 1 > https://www.khmer24.com/en/property/business-house-for-sales-main-road-sb-id-11101-adid-2749758.html
2018-12-27T03:34:17+00:00 INFO => Check link 1 > https://www.khmer24.com/en/property/house-for-sales-urgent-near-phnom-penh-sport-club-sb-id-1186-adid-2825684.html
2018-12-27T03:34:18+00:00 INFO => Check link 1 > https://www.khmer24.com/en/property/very-nice-house-for-sell-adid-2937266.html
2018-12-27T03:34:19+00:00 INFO => Check link 1 > https://www.khmer24.com/en/property/វឡភល-កនងបរបងហត-ផលវឧកញមងឬទធ-តរវករលក-បនទនខលង-adid-2909048.html
2018-12-27T03:34:19+00:00 INFO => Check link 1 > https://www.khmer24.com/en/property/វឡកនកត-la-សលដខង-នបរបងហត-បងសនរ-តរវករលកបនទនខលង-adid-3081379.html
2018-12-27T03:34:20+00:00 INFO => Check link 1 > https://www.khmer24.com/en/property/វឡភលកង-នកនងបរវមនភនពញ-ផលវជសផរ-តរវករលកបនទនខលង-adid-2717927.html
2018-12-27T03:34:21+00:00 INFO => Check link 1 > https://www.khmer24.com/en/property/វឡកនកត-lc2-កនងបរបងហត-បងសនរ-តរវករលកបនទន-adid-2903449.html
2018-12-27T03:34:22+00:00 INFO => Check link 1 > https://www.khmer24.com/en/property/ផទលវង-e0e1-ជតវតតសនសកល-តរវករលកបនទនខលង-adid-2772114.html
2018-12-27T03:34:22+00:00 INFO => Check link 1 > https://www.khmer24.com/en/property/ផទe0-នមតចករដង-ខណឌដងក-តរវករលកបនទនខលង-adid-2890650.html
2018-12-27T03:34:23+00:00 INFO => Check link 1 > https://www.khmer24.com/en/property/ផទលវង-e0-កនងបរ-មហសនសខ-សងកតករងធនង-adid-3008953.html
2018-12-27T03:34:24+00:00 INFO => Check link 1 > https://www.khmer24.com/en/property/ផទលវងលក-កនងករងភនពញជតសលរនសនធរមក-135700-adid-3121931.html
2018-12-27T03:34:24+00:00 INFO => Check link 1 > https://www.khmer24.com/en/property/ដនងផទលក-10mx17m-ពរកហរករងតខម-adid-3121927.html
2018-12-27T03:34:26+00:00 INFO => Check link 1 > https://www.khmer24.com/en/property/corner-villa-for-sales-business-street-sb-id-1193-adid-2826323.html
2018-12-27T03:34:26+00:00 INFO => Check link 1 > https://www.khmer24.com/en/property/ផទ២លវងកង-លកបនទនខលង-ទលគក-sb-id-1197-adid-2826331.html
2018-12-27T03:34:27+00:00 INFO => Check link 1 > https://www.khmer24.com/en/property/ផទលកបនទននតបន-សរចក-sb-id-11119-adid-2980733.html
2018-12-27T03:34:27+00:00 INFO => Check link 1 > https://www.khmer24.com/en/property/ផទថមករមឈលនបងកងកង2សមរបអជកមម-លកបនទន-adid-2228891.html
2018-12-27T03:34:28+00:00 INFO => Check link 1 > https://www.khmer24.com/en/property/business-house-for-sales-main-road-sb-id-11110-adid-2829549.html
2018-12-27T03:34:29+00:00 INFO => Check link 1 > https://www.khmer24.com/en/property/2flate-house-for-sales-urgent-srah-chork-sb-id-11120-adid-3012342.html
2018-12-27T03:34:29+00:00 INFO => Check link 1 > https://www.khmer24.com/en/property/building-for-sales-sb-id-11106-adid-2825724.html
2018-12-27T03:34:30+00:00 INFO => Check link 1 > https://www.khmer24.com/en/property/house-eo-sale-at-borey-vimean-phnom-penh-adid-2412933.html
2018-12-27T03:34:31+00:00 INFO => Check link 1 > https://www.khmer24.com/en/property/httpsyoutube4xwtsxxyebw-ចច-link-youtube-មលពរករធវបទបងហញសកមមភព-មនចកបលងសជនទ1ផទលវងជបផលវ22មតរករងសមរប-adid-3121921.html
2018-12-27T03:37:28+00:00 INFO => Crawl Links 0 > https://www.khmer24.com/en/property/house-for-sale.html?location=&per_page=200
2018-12-27T03:37:28+00:00 INFO => Crawl Links 1 > https://www.khmer24.com/en/property/house-for-sale.html?location=&per_page=150
2018-12-27T03:37:28+00:00 INFO => Crawl Links 2 > https://www.khmer24.com/en/property/house-for-sale.html?location=&per_page=100
2018-12-27T03:37:28+00:00 INFO => Crawl Links 3 > https://www.khmer24.com/en/property/house-for-sale.html?location=&per_page=50
2018-12-27T03:37:30+00:00 INFO => Check link 0 > https://www.khmer24.com/en/property/ផទលក-មតទលគក-adid-3070509.html
2018-12-27T03:37:31+00:00 INFO => Check link 0 > https://www.khmer24.com/en/property/ផទលកបនទន-7m25-199999-adid-2795131.html
2018-12-27T03:37:32+00:00 INFO => Check link 0 > https://www.khmer24.com/en/property/ផទលកផសរសណង12-houses-for-sale-at-samnang-12market-adid-3092350.html
2018-12-27T03:37:32+00:00 INFO => Check link 0 > https://www.khmer24.com/en/property/ផទអជវកមមលក-ជតផសរសតន-sb-id-11123-adid-3116381.html
2018-12-27T03:37:33+00:00 INFO => Check link 0 > https://www.khmer24.com/en/property/house-for-sell-adid-3118107.html
2018-12-27T03:37:34+00:00 INFO => Check link 0 > https://www.khmer24.com/en/property/ផទលវងលកបនទន-ផទ៣លវងជបគន-adid-2980950.html
2018-12-27T03:37:35+00:00 INFO => Check link 0 > https://www.khmer24.com/en/property/ផទលវងលកបនទន-adid-2978782.html
2018-12-27T03:37:36+00:00 INFO => Check link 0 > https://www.khmer24.com/en/property/ផទលវងលកបនទន-adid-3058699.html
2018-12-27T03:37:37+00:00 INFO => Check link 0 > https://www.khmer24.com/en/property/ផទកងសរបលក-adid-2658522.html
2018-12-27T03:37:37+00:00 INFO => Check link 0 > https://www.khmer24.com/en/property/shophouse-for-sell-adid-3118021.html
2018-12-27T03:37:38+00:00 INFO => Check link 0 > https://www.khmer24.com/en/property/house-for-sale-ផទលកបរឈកវ-1-adid-3092290.html
2018-12-27T03:37:39+00:00 INFO => Check link 0 > https://www.khmer24.com/en/property/twin-villa-for-sale-at-borey-orkide-villa-the-grand-adid-3121901.html
2018-12-27T03:37:54+00:00 INFO => Check link 0 > https://www.khmer24.com/en/property/ផទលកបរញប-adid-2880341.html
2018-12-27T03:38:10+00:00 INFO => Check link 0 > https://www.khmer24.com/en/property/ផទទលមខផសទនបកពសបរជនលក-adid-2607085.html
2018-12-27T03:38:21+00:00 INFO => Check link 0 > https://www.khmer24.com/en/property/ផទលផលវ2011-លកបនទន-adid-3091730.html
